[ORI] Oss / bedrijventerrein
[ORI] Oss / werklocatie
[ORI] Oss / bedrijvenpark
  + BK5114-RHD-XX-XX-PP-X-0000-20250929 Eindrapport (1) -> 5:contextafhankelijk, 10:risico
[ORI] Oss / bedrijfsverzamelgebouw
[ORI] Oss / bedrijfsverzamelpand
[ORI] Oss / bedrijfsverzamelcentrum
[ORI] Oss / verzamelgebouw
[ORI] Oss / bedrijfsunit
[ORI] Oss / logistiek vastgoed
[ORI] Oss / transformatie
[ORI] Oss / herbestemming
[ORI] Oss / transformatiegebied
[ORI] Oss / woningbouwlocatie
  + Notitie Vormvrije mer-beoordeling -> 1:kans
[ORI] Oss / functiemenging
[ORI] Oss / stedelijke verdichting
[ORI] Oss / herontwikkeling bedrijventerrein
[ORI] Oss / wonen-werken
[ORI] Oss / woonmilieu
[ORI] Oss / uitgeefbaar terrein
[ORI] Oss / bedrijventerreinprogrammering
[ORI] Oss / restcapaciteit
  + bijlage 1 30102024 Presentatie parkeerstudie centrum Os -> 2:contextafhankelijk, 9:contextafhankelijk
[ORI] Oss / kavelbeschikbaarheid
[ORI] Oss / terreincapaciteit
[ORI] Oss / bedrijfsruimte behoefte
  + Bijlage regels MFA en woningbouw Looveltlaan Oss – 2023 -> 1:risico, 7:risico
[ORI] Oss / regionaal werkprogramma
[ORI] Oss / milieuzonering
  + Bijlagen bij de regels_Bijlage 1  Akoestisch onderzoek -> 3:contextafhankelijk
[ORI] Oss / milieucategorie
[ORI] Oss / geluidzone
[ORI] Oss / hindercontour
  + d. Nota_van_zienswijzen_en_wijzigingen_GroeneBeemdLitho -> 5:contextafhankelijk, 2:None
[ORI] Oss / VNG-categorieën
[ORI] Oss / geluidszone industrielawaai
[ORI] Oss / bedrijfscategorie
  + Bijlage 2A Toelichting - bijlage 02 Dorpenweg ong. (nab -> 3:contextafhankelijk, 9:contextafhankelijk
[ORI] Oss / richtafstand
[ORI] Oss / geurcontour
  + 20250527 Verslag afstemming ketenpartners omgevingsplan -> 5:risico, 3:contextafhankelijk
  + VABP Osseweg 38a, Berghem - Toelichting -> 8:kans
[ORI] Oss / netcongestie
  + Motie Duurzaam naar de Overkant -> 5:contextafhankelijk
[ORI] Oss / transformatorstation
[ORI] Oss / energie-infrastructuur
[ORI] Oss / transportcapaciteit
[ORI] Oss / verzwaring elektriciteitsnet
[ORI] Oss / aansluittermijn
[ORI] Oss / transportverzoek
[ORI] Oss / congestiegebied
[ORI] Oss / netverzwaring
  + 20250624 Integraal Beheerplan Openbare Ruimte 2026-2029 -> 4:risico, 5:risico
[ORI] Oss / grootverbruikersaansluiting
[ORI] Oss / ontsluiting
  + Raadsvoorstel gewijzig vaststellen TAM-omgevingsplan Ho -> 3:contextafhankelijk, 5:contextafhankelijk
[ORI] Oss / logistiek
[ORI] Oss / verkeersbesluit
[ORI] Oss / ontsluiting vrachtverkeer
[ORI] Oss / havengebonden
  + Raadsvoorstel_concept_23 september 2025 -> 2:kans, 8:kans, 9:kans, 5:kans
  + Technische vragen kadernota 2025-2028 versie 1 -> 4:risico, 9:kans, 3:contextafhankelijk
[ORI] Oss / multimodaal knooppunt
[ORI] Oss / wegcategorisering
[ORI] Oss / logistieke corridor
[ORI] Oss / achterlandverbinding
[ORI] Oss / spoorontsluiting
[ORI] Oss / grondexploitatie
[ORI] Oss / erfpacht
[ORI] Oss / gronduitgifte
[ORI] Oss / gemeentelijke grondpositie
[ORI] Oss / erfpachtcanon
[ORI] Oss / anterieure overeenkomst
[ORI] Oss / actieve grondpolitiek
[ORI] Oss / verwervingsstrategie
[ORI] Oss / minnelijke verwerving
  + Nota van Antwoord zienswijzen (NvA) Meanderende Maas -> 7:risico
[ORI] Oss / exploitatieplan
[ORI] Oss / bouwvolume
  + Bijlage_7_Archeologisch onderzoek -> 10:risico, 1:contextafhankelijk
[ORI] Oss / bebouwingspercentage
[ORI] Oss / bouwhoogte maximaal
[ORI] Oss / parkeernorm
[ORI] Oss / uitgeefbare grond
[ORI] Oss / bouwregels bestemmingsplan
[ORI] Oss / stedenbouwkundig kader
[ORI] Oss / functieverruiming
[ORI] Oss / binnenplanse afwijking
[ORI] Oss / functiewijziging
[ORI] Oss / afwijkingsbevoegdheid
[ORI] Oss / gebruikswijziging
[ORI] Oss / planologische medewerking
  + Bijlage_6b_Akoestisch_onderzoek_Amsteleind_Oss_aanleg_P -> 5:contextafhankelijk
[ORI] Oss / uitbreiding gebruiksmogelijkheden
[ORI] Oss / bestemmingswijziging
[ORI] Oss / omgevingsplanactiviteit
[ORI] Oss / vestigingsbeleid
[ORI] Oss / economische visie
[ORI] Oss / vestigingsklimaat
[ORI] Oss / acquisitiebeleid
  + Bijlage 2a. GR Heesch West 2015 concept 3e herziening G -> 2:kans, 6:contextafhankelijk, 9:kans
  + Bijlage 2b. GR Heesch West 2015 concept 3e herziening G -> 2:kans, 6:contextafhankelijk, 9:kans
  + Bijlage 3. Gemeenschappelijke regeling Heesch West 2e h -> 2:kans, 9:kans, 6:contextafhankelijk
[ORI] Oss / economische structuurversterking
  + Oss_Corellistraat_10_BP_TOELICHTING_Hoofdrapport_231123 -> 1:risico, 3:contextafhankelijk, 7:risico
  + Programmabegroting 2023-2026.pdf -> 4:risico, 2:contextafhankelijk
  + Programmabegroting 2023-2026.pdf -> 4:contextafhankelijk, 2:contextafhankelijk
[ORI] Oss / bedrijfshuisvestingsvraag
[ORI] Oss / acquisitiedoelstelling
[ORI] Oss / omgevingsvergunning
    classificatie-fout: APIConnectionError: Connection error.
    classificatie-fout: APIConnectionError: Connection error.
    classificatie-fout: APIConnectionError: Connection error.
    classificatie-fout: APIConnectionError: Connection error.
    classificatie-fout: APIConnectionError: Connection error.
[ORI] Oss / maatwerkvoorschrift
    ORI netwerkfout (ConnectionError), wacht 5s...
[ORI] Oss / doorlooptijd vergunning
